  소스.cpp
c:\users\agada\onedrive\바탕 화면\유림♡\3-1\확률과통계\1\01_2017202010\코드\gaussian\소스.cpp(21): warning C4244: '인수': 'float'에서 'int'(으)로 변환하면서 데이터가 손실될 수 있습니다.
c:\users\agada\onedrive\바탕 화면\유림♡\3-1\확률과통계\1\01_2017202010\코드\gaussian\소스.cpp(24): warning C4244: '인수': 'float'에서 'int'(으)로 변환하면서 데이터가 손실될 수 있습니다.
c:\users\agada\onedrive\바탕 화면\유림♡\3-1\확률과통계\1\01_2017202010\코드\gaussian\소스.cpp(27): warning C4244: '인수': 'float'에서 'int'(으)로 변환하면서 데이터가 손실될 수 있습니다.
c:\users\agada\onedrive\바탕 화면\유림♡\3-1\확률과통계\1\01_2017202010\코드\gaussian\소스.cpp(30): warning C4244: '인수': 'float'에서 'int'(으)로 변환하면서 데이터가 손실될 수 있습니다.
c:\users\agada\onedrive\바탕 화면\유림♡\3-1\확률과통계\1\01_2017202010\코드\gaussian\소스.cpp(65): warning C4244: '인수': 'float'에서 'int'(으)로 변환하면서 데이터가 손실될 수 있습니다.
c:\users\agada\onedrive\바탕 화면\유림♡\3-1\확률과통계\1\01_2017202010\코드\gaussian\소스.cpp(89): warning C4244: 'return': 'double'에서 'float'(으)로 변환하면서 데이터가 손실될 수 있습니다.
c:\users\agada\onedrive\바탕 화면\유림♡\3-1\확률과통계\1\01_2017202010\코드\gaussian\소스.cpp(104): warning C4244: '=': 'double'에서 'float'(으)로 변환하면서 데이터가 손실될 수 있습니다.
c:\users\agada\onedrive\바탕 화면\유림♡\3-1\확률과통계\1\01_2017202010\코드\gaussian\소스.cpp(129): warning C4244: 'return': 'double'에서 'float'(으)로 변환하면서 데이터가 손실될 수 있습니다.
c:\users\agada\onedrive\바탕 화면\유림♡\3-1\확률과통계\1\01_2017202010\코드\gaussian\소스.cpp(137): warning C4244: 'return': 'double'에서 'float'(으)로 변환하면서 데이터가 손실될 수 있습니다.
c:\users\agada\onedrive\바탕 화면\유림♡\3-1\확률과통계\1\01_2017202010\코드\gaussian\소스.cpp(153): warning C4244: '인수': 'time_t'에서 'unsigned int'(으)로 변환하면서 데이터가 손실될 수 있습니다.
c:\users\agada\onedrive\바탕 화면\유림♡\3-1\확률과통계\1\01_2017202010\코드\gaussian\소스.cpp(171): warning C4305: '초기화 중': 'double'에서 'float'(으)로 잘립니다.
c:\users\agada\onedrive\바탕 화면\유림♡\3-1\확률과통계\1\01_2017202010\코드\gaussian\소스.cpp(176): warning C4244: '인수': 'double'에서 'float'(으)로 변환하면서 데이터가 손실될 수 있습니다.
c:\users\agada\onedrive\바탕 화면\유림♡\3-1\확률과통계\1\01_2017202010\코드\gaussian\소스.cpp(190): warning C4244: '+=': 'double'에서 'float'(으)로 변환하면서 데이터가 손실될 수 있습니다.
c:\users\agada\onedrive\바탕 화면\유림♡\3-1\확률과통계\1\01_2017202010\코드\gaussian\소스.cpp(202): warning C4244: '인수': 'int'에서 'float'(으)로 변환하면서 데이터가 손실될 수 있습니다.
c:\users\agada\onedrive\바탕 화면\유림♡\3-1\확률과통계\1\01_2017202010\코드\gaussian\소스.cpp(235): warning C4305: '=': 'double'에서 'float'(으)로 잘립니다.
c:\users\agada\onedrive\바탕 화면\유림♡\3-1\확률과통계\1\01_2017202010\코드\gaussian\소스.cpp(236): warning C4305: '=': 'double'에서 'float'(으)로 잘립니다.
c:\users\agada\onedrive\바탕 화면\유림♡\3-1\확률과통계\1\01_2017202010\코드\gaussian\소스.cpp(237): warning C4305: '=': 'double'에서 'float'(으)로 잘립니다.
c:\users\agada\onedrive\바탕 화면\유림♡\3-1\확률과통계\1\01_2017202010\코드\gaussian\소스.cpp(238): warning C4305: '=': 'double'에서 'float'(으)로 잘립니다.
c:\users\agada\onedrive\바탕 화면\유림♡\3-1\확률과통계\1\01_2017202010\코드\gaussian\소스.cpp(239): warning C4305: '=': 'double'에서 'float'(으)로 잘립니다.
c:\users\agada\onedrive\바탕 화면\유림♡\3-1\확률과통계\1\01_2017202010\코드\gaussian\소스.cpp(240): warning C4305: '=': 'double'에서 'float'(으)로 잘립니다.
  LINK : C:\Users\agada\OneDrive\바탕 화면\유림♡\3-1\확률과통계\1\01_2017202010\코드\x64\Debug\Gaussian.exe을(를) 찾을 수 없거나 마지막 증분 링크에 의해 빌드되지 않았습니다. 전체 링크를 수행하고 있습니다.
  Gaussian.vcxproj -> C:\Users\agada\OneDrive\바탕 화면\유림♡\3-1\확률과통계\1\01_2017202010\코드\x64\Debug\Gaussian.exe
  Gaussian.vcxproj -> C:\Users\agada\OneDrive\바탕 화면\유림♡\3-1\확률과통계\1\01_2017202010\코드\x64\Debug\Gaussian.pdb (Partial PDB)
